2025-06-15 23:50:48,898 - INFO - Starting metric evaluation...
2025-06-15 23:50:48,898 - INFO - Processing language: en
2025-06-15 23:50:49,073 - INFO - Processing language: id
2025-06-15 23:50:49,247 - INFO - Combined 20 CSV files into dataset with shape: (1360, 15)
2025-06-15 23:50:49,247 - INFO - Calculating statistics for columns: ['clean_audio_duration', 'pesq_score', 'stoi_score', 'mse_score', 'buffer_queue_avg', 'buffer_droped_avg', 'worklet_ms_avg', 'worker_ms_avg', 'model1_ms_avg', 'model2_ms_avg']
2025-06-15 23:50:49,247 - INFO - Statistics saved to: C:\Users\NADI\Documents\Python\dataset_audio\mixed\evaluates\metrics.csv
2025-06-15 23:50:49,247 - INFO - Metric evaluation completed successfully!
2025-06-17 23:09:01,922 - INFO - Starting metric evaluation...
2025-06-17 23:09:01,922 - INFO - Processing language: en
2025-06-17 23:09:02,031 - INFO - Processing language: id
2025-06-17 23:09:02,181 - INFO - Combined 20 CSV files into dataset with shape: (1360, 15)
2025-06-17 23:09:02,181 - INFO - Calculating statistics for columns: ['clean_audio_duration', 'pesq_score', 'stoi_score', 'mse_score', 'buffer_queue_avg', 'buffer_droped_avg', 'worklet_ms_avg', 'worker_ms_avg', 'model1_ms_avg', 'model2_ms_avg']
2025-06-17 23:09:02,194 - INFO - Statistics saved to: C:\Users\NADI\Documents\Python\dataset_audio\mixed\evaluates\metrics.csv
2025-06-17 23:09:05,672 - INFO - Combined chart saved to: C:\Users\NADI\Documents\Python\dataset_audio\mixed\evaluates\charts.png
2025-06-17 23:09:05,676 - INFO - Metric evaluation completed successfully!
2025-06-17 23:12:53,896 - INFO - Starting metric evaluation...
2025-06-17 23:12:53,896 - INFO - Processing language: en
2025-06-17 23:12:53,936 - INFO - Processing language: id
2025-06-17 23:12:54,076 - INFO - Combined 20 CSV files into dataset with shape: (1360, 15)
2025-06-17 23:12:54,076 - INFO - Calculating statistics for columns: ['clean_audio_duration', 'pesq_score', 'stoi_score', 'mse_score', 'buffer_queue_avg', 'buffer_droped_avg', 'worklet_ms_avg', 'worker_ms_avg', 'model1_ms_avg', 'model2_ms_avg']
2025-06-17 23:12:54,086 - INFO - Statistics saved to: C:\Users\NADI\Documents\Python\dataset_audio\mixed\evaluates\metrics.csv
2025-06-17 23:12:55,061 - INFO - Combined chart saved to: C:\Users\NADI\Documents\Python\dataset_audio\mixed\evaluates\charts.png
2025-06-17 23:12:55,113 - INFO - Metric evaluation completed successfully!
2025-06-17 23:15:48,612 - INFO - Starting metric evaluation...
2025-06-17 23:15:48,612 - INFO - Processing language: en
2025-06-17 23:15:48,641 - INFO - Processing language: id
2025-06-17 23:15:48,711 - INFO - Combined 20 CSV files into dataset with shape: (1360, 15)
2025-06-17 23:15:48,711 - INFO - Calculating statistics for columns: ['clean_audio_duration', 'pesq_score', 'stoi_score', 'mse_score', 'buffer_queue_avg', 'buffer_droped_avg', 'worklet_ms_avg', 'worker_ms_avg', 'model1_ms_avg', 'model2_ms_avg']
2025-06-17 23:15:48,723 - INFO - Statistics saved to: C:\Users\NADI\Documents\Python\dataset_audio\mixed\evaluates\metrics.csv
2025-06-17 23:15:49,626 - INFO - Combined chart saved to: C:\Users\NADI\Documents\Python\dataset_audio\mixed\evaluates\charts.png
2025-06-17 23:15:49,626 - INFO - Metric evaluation completed successfully!
